\BOOKMARK [1][-]{section.1}{\376\377\000I\000n\000t\000r\000o\000d\000u\000c\000t\000i\000o\000n}{}% 1
\BOOKMARK [2][-]{subsection.1.1}{\376\377\000D\000a\000t\000a\000\040\000M\000i\000n\000i\000n\000g}{section.1}% 2
\BOOKMARK [2][-]{subsection.1.2}{\376\377\000R\000e\000d\000u\000c\000e\000d\000\040\000D\000a\000t\000a}{section.1}% 3
\BOOKMARK [2][-]{subsection.1.3}{\376\377\000C\000o\000n\000t\000e\000x\000t\000e}{section.1}% 4
\BOOKMARK [1][-]{section.2}{\376\377\000R\000o\000u\000g\000h\000\040\000S\000e\000t\000\040\000T\000h\000e\000o\000r\000y\000\040\000-\000\040\000R\000S\000T\000\040}{}% 5
\BOOKMARK [2][-]{subsection.2.1}{\376\377\000U\000n\000\040\000s\000y\000s\000t\000\350\000m\000e\000\040\000d\000'\000i\000n\000f\000o\000r\000m\000a\000t\000i\000o\000n}{section.2}% 6
\BOOKMARK [2][-]{subsection.2.2}{\376\377\000U\000n\000\040\000s\000y\000s\000t\000\350\000m\000e\000\040\000d\000e\000\040\000d\000\351\000c\000i\000s\000i\000o\000n}{section.2}% 7
\BOOKMARK [2][-]{subsection.2.3}{\376\377\000C\000l\000a\000s\000s\000e\000\040\000d\000'\000\351\000q\000u\000i\000v\000a\000l\000e\000n\000c\000e}{section.2}% 8
\BOOKMARK [2][-]{subsection.2.4}{\376\377\000I\000n\000d\000i\000s\000c\000e\000r\000n\000i\000b\000i\000l\000i\000t\000y\000\040\000R\000e\000l\000a\000t\000i\000o\000n\000\040}{section.2}% 9
\BOOKMARK [2][-]{subsection.2.5}{\376\377\000r\000o\000u\000g\000h\000\040\000s\000e\000t}{section.2}% 10
\BOOKMARK [2][-]{subsection.2.6}{\376\377\000B\000-\000l\000o\000w\000e\000r\000\040\000a\000p\000p\000r\000o\000x\000i\000m\000a\000t\000i\000o\000n\000\040}{section.2}% 11
\BOOKMARK [2][-]{subsection.2.7}{\376\377\000B\000-\000u\000p\000p\000e\000r\000\040\000a\000p\000p\000r\000o\000x\000i\000m\000a\000t\000i\000o\000n\000\040}{section.2}% 12
\BOOKMARK [2][-]{subsection.2.8}{\376\377\000B\000-\000b\000o\000u\000n\000d\000a\000r\000y\000\040\000r\000e\000g\000i\000o\000n\000\040}{section.2}% 13
\BOOKMARK [2][-]{subsection.2.9}{\376\377\000P\000o\000s\000i\000t\000i\000v\000e\000\040\000R\000e\000g\000i\000o\000n\000\040}{section.2}% 14
\BOOKMARK [2][-]{subsection.2.10}{\376\377\000N\000e\000g\000a\000t\000i\000v\000e\000\040\000R\000e\000g\000i\000o\000n\000\040}{section.2}% 15
\BOOKMARK [2][-]{subsection.2.11}{\376\377\000R\000e\000d\000u\000c\000t\000\040}{section.2}% 16
\BOOKMARK [2][-]{subsection.2.12}{\376\377\000C\000o\000r\000e\000\040}{section.2}% 17
\BOOKMARK [1][-]{section.3}{\376\377\000A\000l\000g\000o\000r\000i\000t\000h\000m\000e\000s}{}% 18
\BOOKMARK [2][-]{subsection.3.1}{\376\377\000P\000s\000e\000u\000d\000o\000c\000o\000d\000e}{section.3}% 19
\BOOKMARK [3][-]{subsubsection.3.1.1}{\376\377\000I\000n\000d\000i\000s\000c\000e\000r\000n\000i\000b\000i\000l\000i\000t\000y\000\040\000R\000e\000l\000a\000t\000i\000o\000n\000\040}{subsection.3.1}% 20
\BOOKMARK [3][-]{subsubsection.3.1.2}{\376\377\000B\000-\000u\000p\000p\000e\000r\000\040\000a\000p\000p\000r\000o\000x\000i\000m\000a\000t\000i\000o\000n\000\040\000,\000\040\000B\000-\000l\000o\000w\000e\000r\000\040\000a\000p\000p\000r\000o\000x\000i\000m\000a\000t\000i\000o\000n\000\040\000e\000t\000\040\000B\000-\000b\000o\000u\000n\000d\000a\000r\000y\000\040\000r\000e\000g\000i\000o\000n\000\040}{subsection.3.1}% 21
\BOOKMARK [3][-]{subsubsection.3.1.3}{\376\377\000P\000o\000s\000i\000t\000i\000v\000e\000\040\000R\000e\000g\000i\000o\000n\000\040\000e\000t\000\040\000N\000e\000g\000a\000t\000i\000v\000e\000\040\000R\000e\000g\000i\000o\000n\000\040}{subsection.3.1}% 22
\BOOKMARK [3][-]{subsubsection.3.1.4}{\376\377\000R\000e\000d\000u\000c\000t\000\040\000e\000t\000\040\000C\000o\000r\000e\000\040}{subsection.3.1}% 23
\BOOKMARK [3][-]{subsubsection.3.1.5}{\376\377\000q\000u\000i\000c\000k\000R\000e\000d\000u\000c\000t}{subsection.3.1}% 24
\BOOKMARK [2][-]{subsection.3.2}{\376\377\000I\000m\000p\000l\000\351\000m\000e\000n\000t\000a\000t\000i\000o\000n}{section.3}% 25
\BOOKMARK [3][-]{subsubsection.3.2.1}{\376\377\000I\000n\000d\000i\000s\000c\000e\000r\000n\000i\000b\000i\000l\000i\000t\000y\000\040\000R\000e\000l\000a\000t\000i\000o\000n\000\040}{subsection.3.2}% 26
\BOOKMARK [3][-]{subsubsection.3.2.2}{\376\377\000B\000-\000l\000o\000w\000e\000r\000\040\000a\000p\000p\000r\000o\000x\000i\000m\000a\000t\000i\000o\000n\000\040\000,\000\040\000B\000-\000u\000p\000p\000e\000r\000\040\000a\000p\000p\000r\000o\000x\000i\000m\000a\000t\000i\000o\000n\000\040\000e\000t\000\040\000B\000-\000b\000o\000u\000n\000d\000a\000r\000y\000\040\000r\000e\000g\000i\000o\000n\000\040}{subsection.3.2}% 27
\BOOKMARK [3][-]{subsubsection.3.2.3}{\376\377\000P\000o\000s\000i\000t\000i\000v\000e\000\040\000R\000e\000g\000i\000o\000n\000\040\000e\000t\000\040\000N\000e\000g\000a\000t\000i\000v\000e\000\040\000R\000e\000g\000i\000o\000n\000\040}{subsection.3.2}% 28
\BOOKMARK [3][-]{subsubsection.3.2.4}{\376\377\000R\000e\000d\000u\000c\000t\000\040\000e\000t\000\040\000C\000o\000r\000e\000\040}{subsection.3.2}% 29
\BOOKMARK [3][-]{subsubsection.3.2.5}{\376\377\000Q\000u\000i\000c\000k\000R\000e\000d\000u\000c\000t\000\040}{subsection.3.2}% 30
\BOOKMARK [2][-]{subsection.3.3}{\376\377\000T\000e\000s\000t}{section.3}% 31
\BOOKMARK [3][-]{subsubsection.3.3.1}{\376\377\000I\000n\000d\000i\000s\000c\000e\000r\000n\000i\000b\000i\000l\000i\000t\000y\000\040\000R\000e\000l\000a\000t\000i\000o\000n\000\040}{subsection.3.3}% 32
\BOOKMARK [3][-]{subsubsection.3.3.2}{\376\377\000B\000-\000l\000o\000w\000e\000r\000\040\000a\000p\000p\000r\000o\000x\000i\000m\000a\000t\000i\000o\000n\000\040\000,\000\040\000B\000-\000u\000p\000p\000e\000r\000\040\000a\000p\000p\000r\000o\000x\000i\000m\000a\000t\000i\000o\000n\000\040\000e\000t\000\040\000B\000-\000b\000o\000u\000n\000d\000a\000r\000y\000\040\000r\000e\000g\000i\000o\000n\000\040}{subsection.3.3}% 33
\BOOKMARK [3][-]{subsubsection.3.3.3}{\376\377\000P\000o\000s\000i\000t\000i\000v\000e\000\040\000R\000e\000g\000i\000o\000n\000\040\000e\000t\000\040\000N\000e\000g\000a\000t\000i\000v\000e\000\040\000R\000e\000g\000i\000o\000n\000\040}{subsection.3.3}% 34
\BOOKMARK [3][-]{subsubsection.3.3.4}{\376\377\000R\000e\000d\000u\000c\000t\000\040\000e\000t\000\040\000C\000o\000r\000e\000\040}{subsection.3.3}% 35
\BOOKMARK [3][-]{subsubsection.3.3.5}{\376\377\000Q\000u\000i\000c\000k\000R\000e\000d\000u\000c\000t\000\040}{subsection.3.3}% 36
\BOOKMARK [1][-]{section.4}{\376\377\000A\000p\000p\000l\000i\000c\000a\000t\000i\000o\000n\000s}{}% 37
\BOOKMARK [2][-]{subsection.4.1}{\376\377\000R\000\351\000s\000u\000m\000\351\000\040\000d\000e\000s\000\040\000d\000o\000n\000n\000\351\000e\000s}{section.4}% 38
\BOOKMARK [2][-]{subsection.4.2}{\376\377\000V\000i\000s\000u\000a\000l\000i\000s\000a\000t\000i\000o\000n\000\040\000d\000e\000s\000\040\000d\000o\000n\000n\000\351\000e\000s}{section.4}% 39
\BOOKMARK [2][-]{subsection.4.3}{\376\377\000A\000p\000p\000l\000i\000c\000a\000t\000i\000o\000n\000\040\000d\000e\000\040\000m\000o\000d\000e\000l\000\351\000s\000\040\000d\000e\000\040\000c\000l\000a\000s\000s\000i\000f\000i\000c\000a\000t\000i\000o\000n}{section.4}% 40
\BOOKMARK [3][-]{subsubsection.4.3.1}{\376\377\000M\000o\000d\000\350\000l\000e\000\040\000A}{subsection.4.3}% 41
\BOOKMARK [3][-]{subsubsection.4.3.2}{\376\377\000M\000o\000d\000\350\000l\000e\000\040\000B}{subsection.4.3}% 42
\BOOKMARK [3][-]{subsubsection.4.3.3}{\376\377\000M\000o\000d\000\350\000l\000e\000\040\000C}{subsection.4.3}% 43
\BOOKMARK [3][-]{subsubsection.4.3.4}{\376\377\000M\000o\000d\000\350\000l\000e\000\040\000D}{subsection.4.3}% 44
\BOOKMARK [2][-]{subsection.4.4}{\376\377\000R\000\351\000s\000u\000l\000t\000a\000t}{section.4}% 45
\BOOKMARK [3][-]{subsubsection.4.4.1}{\376\377\000\311\000v\000a\000l\000u\000a\000t\000i\000o\000n}{subsection.4.4}% 46
\BOOKMARK [3][-]{subsubsection.4.4.2}{\376\377\000C\000o\000m\000p\000a\000r\000a\000i\000s\000o\000n}{subsection.4.4}% 47
\BOOKMARK [1][-]{section.5}{\376\377\000C\000o\000n\000c\000l\000u\000s\000i\000o\000n}{}% 48
\BOOKMARK [2][-]{subsection.5.1}{\376\377\000R\000a\000p\000p\000e\000l\000\040\000d\000e\000s\000\040\000r\000\351\000s\000u\000l\000t\000a\000t\000s\000\040\000a\000t\000t\000e\000n\000d\000u\000e\000s\000\040\000e\000t\000\040\000o\000b\000t\000e\000n\000u\000e\000s}{section.5}% 49
\BOOKMARK [2][-]{subsection.5.2}{\376\377\000L\000i\000m\000i\000t\000e\000s\000\040\000d\000e\000\040\000l\000'\000a\000l\000g\000o\000r\000i\000t\000h\000m\000e}{section.5}% 50
\BOOKMARK [2][-]{subsection.5.3}{\376\377\000S\000u\000g\000g\000e\000s\000t\000i\000o\000n\000s\000\040\000d\000'\000a\000m\000\351\000l\000i\000o\000r\000a\000t\000i\000o\000n\000s}{section.5}% 51
\BOOKMARK [1][-]{section*.17}{\376\377\000B\000i\000b\000l\000i\000o\000g\000r\000a\000p\000h\000i\000e}{}% 52
